2018-09-03 13:08:01.114055 , begin update_stock_status cron task...
hear
{'ss_date': '\xc2\xa02017-04-18'}
time data '\xc2\xa02017-04-18' does not match format '%Y-%m-%d'
2018-09-03 13:09:01.087548 , begin update_stock_status cron task...
hear
{'ss_date': '\xc2\xa02017-04-18'}
time data '\xc2\xa02017-04-18' does not match format '%Y-%m-%d'
2018-09-03 13:10:01.154499 , begin update_stock_status cron task...
hear
{'ss_date': '\xc2\xa02017-04-18'}
time data '\xc2\xa02017-04-18' does not match format '%Y-%m-%d'
2018-09-03 13:11:00.886502 , begin update_stock_status cron task...
hear
{'ss_date': '\xc2\xa02017-04-18'}
time data '\xc2\xa02017-04-18' does not match format '%Y-%m-%d'
2018-09-03 13:12:00.577368 , begin update_stock_status cron task...
 2017-04-18
time data '\xc2\xa02017-04-18' does not match format '%Y-%m-%d'
2018-09-03 13:13:01.158838 , begin update_stock_status cron task...
 2017-04-18
time data '\xc2\xa02017-04-18' does not match format '%Y-%m-%d'
2018-09-03 13:14:01.188051 , begin update_stock_status cron task...
 2017-04-18
time data '\xc2\xa02017-04-18' does not match format '%Y-%m-%d'
2018-09-03 13:15:00.887755 , begin update_stock_status cron task...
'ascii' codec can't encode character u'\xa0' in position 0: ordinal not in range(128)
2018-09-03 13:16:00.929203 , begin update_stock_status cron task...
'ascii' codec can't encode character u'\xa0' in position 0: ordinal not in range(128)
2018-09-03 13:17:00.613447 , begin update_stock_status cron task...
 2017-04-18
time data '\xc2\xa02017-04-18' does not match format '%Y-%m-%d'
2018-09-03 13:18:01.537543 , begin update_stock_status cron task...
 2017-04-18
time data '\xc2\xa02017-04-18' does not match format '%Y-%m-%d'
2018-09-03 13:20:01.527156 , begin update_stock_status cron task...
 2017-04-18
time data '\xc2\xa02017-04-18' does not match format '%Y-%m-%d'
2018-09-03 13:21:01.602896 , begin update_stock_status cron task...
 2017-04-18
time data '\xc2\xa02017-04-18' does not match format '%Y-%m-%d'
2018-09-03 13:22:01.715837 , begin update_stock_status cron task...
{'ss_date': '\xc2\xa02017-04-18'}
time data '\xc2\xa02017-04-18' does not match format '%Y-%m-%d'
2018-09-03 13:23:01.767053 , begin update_stock_status cron task...
{'ss_date': u'\xa02017-04-18'}
'ascii' codec can't encode character u'\xa0' in position 0: ordinal not in range(128)
2018-09-03 13:24:00.908665 , begin update_stock_status cron task...
{'ss_date': '\xc2\xa0 2 0 1 7 - 0 4 - 1 8'}
time data '\xc2\xa0 2 0 1 7 - 0 4 - 1 8' does not match format '%Y-%m-%d'
2018-09-03 13:25:00.489723 , begin update_stock_status cron task...
{'ss_date': '\xc2\xa0 2 0 1 7 - 0 4 - 1 8'}
time data '\xc2\xa0 2 0 1 7 - 0 4 - 1 8' does not match format '%Y-%m-%d'
2018-09-03 13:26:01.101432 , begin update_stock_status cron task...
{'ss_date': '\xc2\xa0 2 0 1 7 - 0 4 - 1 8'}
time data '\xc2\xa0 2 0 1 7 - 0 4 - 1 8' does not match format '%Y-%m-%d'
2018-09-03 13:27:01.136825 , begin update_stock_status cron task...
{'ss_date': '\xc2\xa02017-04-18'}
time data '\xc2\xa02017-04-18' does not match format '%Y-%m-%d'
2018-09-03 13:28:00.931884 , begin update_stock_status cron task...
{'ss_date': '\xc2\xa02017-04-18'}
time data '\xc2\xa02017-04-18' does not match format '%Y-%m-%d'
2018-09-03 13:29:00.665255 , begin update_stock_status cron task...
{'ss_date': '\xc2\xa02017-04-18'}
'ascii' codec can't encode character u'\xa0' in position 0: ordinal not in range(128)
2018-09-03 13:30:01.454011 , begin update_stock_status cron task...
{'ss_date': '\xc2\xa02017-04-18'}
'ascii' codec can't encode character u'\xa0' in position 0: ordinal not in range(128)
2018-09-03 13:31:01.545927 , begin update_stock_status cron task...
{'ss_date': '\xc2\xa02017-04-18'}
'ascii' codec can't encode character u'\xa0' in position 0: ordinal not in range(128)
2018-09-03 13:32:01.235340 , begin update_stock_status cron task...
1 {'ss_date': '\xc2\xa02017-04-18'}
2  2017-04-18
3 'ascii' codec can't encode character u'\xa0' in position 0: ordinal not in range(128)
2018-09-03 13:33:01.330348 , begin update_stock_status cron task...
1 {'ss_date': '\xc2\xa02017-04-18'}
2  2017-04-18
3 'ascii' codec can't encode character u'\xa0' in position 0: ordinal not in range(128)
2018-09-03 13:34:01.078156 , begin update_stock_status cron task...
1 {'ss_date': u'\xa02017-04-18'}
2 'ascii' codec can't encode character u'\xa0' in position 0: ordinal not in range(128)
2018-09-03 13:35:00.885895 , begin update_stock_status cron task...
1 {'ss_date': u'\xa02017-04-18'}
2 'ascii' codec can't encode character u'\xa0' in position 0: ordinal not in range(128)
2018-09-03 13:36:00.748092 , begin update_stock_status cron task...
1 {'ss_date': u'\xa02017-04-18'}
2 'ascii' codec can't encode character u'\xa0' in position 0: ordinal not in range(128)
2018-09-03 13:37:01.400364 , begin update_stock_status cron task...
1 {'ss_date': u'\xa02017-04-18'}
2 'ascii' codec can't encode character u'\xa0' in position 0: ordinal not in range(128)
2018-09-03 13:38:01.060635 , begin update_stock_status cron task...
1 {'ss_date': u'\xa02017-04-18'}
2 'ascii' codec can't encode character u'\xa0' in position 0: ordinal not in range(128)
2018-09-03 13:39:00.726938 , begin update_stock_status cron task...
1 {'ss_date': u'\xa02017-04-18'}
2 'ascii' codec can't encode character u'\xa0' in position 0: ordinal not in range(128)
2018-09-03 13:40:01.308752 , begin update_stock_status cron task...
1 {'ss_date': u'\xa02017-04-18'}
2 'ascii' codec can't encode character u'\xa0' in position 0: ordinal not in range(128)
2018-09-03 13:41:00.996570 , begin update_stock_status cron task...
1 {'ss_date': u'\xa02017-04-18'}
2 'ascii' codec can't encode character u'\xa0' in position 0: ordinal not in range(128)
2018-09-03 13:42:00.655554 , begin update_stock_status cron task...
1 {'ss_date': u'\xa02017-04-18'}
2 'ascii' codec can't encode character u'\xa0' in position 0: ordinal not in range(128)
2018-09-03 13:43:01.225269 , begin update_stock_status cron task...
1 {'ss_date': u'\xa02017-04-18'}
2 'ascii' codec can't encode character u'\xa0' in position 0: ordinal not in range(128)
2018-09-03 13:44:01.109726 , begin update_stock_status cron task...
1 {'ss_date': u'\xa02017-04-18'}
2 'ascii' codec can't encode character u'\xa0' in position 0: ordinal not in range(128)
2018-09-03 13:45:01.176607 , begin update_stock_status cron task...
1 {'ss_date': u'\xa02017-04-18'}
2 'ascii' codec can't encode character u'\xa0' in position 0: ordinal not in range(128)
2018-09-03 13:46:01.144395 , begin update_stock_status cron task...
1 {'ss_date': u'\xa02017-04-18'}
2 'ascii' codec can't encode character u'\xa0' in position 0: ordinal not in range(128)
2018-09-03 13:47:01.133911 , begin update_stock_status cron task...
1 {'ss_date': u'\xa02017-04-18'}
2 'ascii' codec can't encode character u'\xa0' in position 0: ordinal not in range(128)
2018-09-03 13:48:00.839753 , begin update_stock_status cron task...
1 {'ss_date': u'\xa02017-04-18'}
2 'ascii' codec can't encode character u'\xa0' in position 0: ordinal not in range(128)
2018-09-03 13:49:01.403141 , begin update_stock_status cron task...
1 {'ss_date': u'\xa02017-04-18'}
2 'ascii' codec can't encode character u'\xa0' in position 0: ordinal not in range(128)
2018-09-03 13:50:01.372740 , begin update_stock_status cron task...
1 {'ss_date': u'\xa02017-04-18'}
2 'ascii' codec can't encode character u'\xa0' in position 0: ordinal not in range(128)
2018-09-03 13:51:01.163161 , begin update_stock_status cron task...
1 {'ss_date': u'\xa02017-04-18'}
2 'ascii' codec can't encode character u'\xa0' in position 0: ordinal not in range(128)
2018-09-03 13:52:00.830343 , begin update_stock_status cron task...
1 {'ss_date': u'\xa02017-04-18'}
2 'ascii' codec can't encode character u'\xa0' in position 0: ordinal not in range(128)
2018-09-03 13:53:01.488988 , begin update_stock_status cron task...
1 {'ss_date': u'\xa02017-04-18'}
2 'ascii' codec can't encode character u'\xa0' in position 0: ordinal not in range(128)
2018-09-03 13:54:01.590233 , begin update_stock_status cron task...
1 {'ss_date': u'\xa02017-04-18'}
2 'ascii' codec can't encode character u'\xa0' in position 0: ordinal not in range(128)
2018-09-03 13:55:01.775840 , begin update_stock_status cron task...
1 {'ss_date': u'\xa02017-04-18'}
2 'ascii' codec can't encode character u'\xa0' in position 0: ordinal not in range(128)
2018-09-03 13:56:01.069077 , begin update_stock_status cron task...
1 {'ss_date': u'\xa02017-04-18'}
2 'ascii' codec can't encode character u'\xa0' in position 0: ordinal not in range(128)
2018-09-03 13:57:01.052844 , begin update_stock_status cron task...
1 {'ss_date': u'\xa02017-04-18'}
2 'ascii' codec can't encode character u'\xa0' in position 0: ordinal not in range(128)
2018-09-03 13:58:00.747939 , begin update_stock_status cron task...
1 {'ss_date': u'\xa02017-04-18'}
2 'ascii' codec can't encode character u'\xa0' in position 0: ordinal not in range(128)
2018-09-03 13:59:01.324482 , begin update_stock_status cron task...
1 {'ss_date': u'\xa02017-04-18'}
2 'ascii' codec can't encode character u'\xa0' in position 0: ordinal not in range(128)
2018-09-03 14:00:01.478257 , begin update_stock_status cron task...
1 {'ss_date': '\xc2\xa02017-04-18'}
2 2017-04-18
3 'ascii' codec can't encode character u'\xa0' in position 0: ordinal not in range(128)
2018-09-03 14:01:01.177368 , begin update_stock_status cron task...
1 {'ss_date': '\xc2\xa02017-04-18'}
2 2017-04-18
3 'ascii' codec can't encode character u'\xa0' in position 0: ordinal not in range(128)
2018-09-03 14:02:00.873236 , begin update_stock_status cron task...
1 {'ss_date': '\xc2\xa02017-04-18'}
2 2017-04-18
3  2017-04-18
'ascii' codec can't encode character u'\xa0' in position 0: ordinal not in range(128)
2018-09-03 14:03:00.494764 , begin update_stock_status cron task...
1 {'ss_date': '\xc2\xa02017-04-18'}
2 2017-04-18
3  2017-04-18
2017-04-18
1 {'ss_date': '\xc2\xa02017-04-20'}
2 2017-04-20
3  2017-04-20
2017-04-20
Unsupported lookup 'Lt' for IntegerField or join on the field not permitted.
2018-09-03 14:04:00.459874 , begin update_stock_status cron task...
Unsupported lookup 'Lt' for IntegerField or join on the field not permitted.
2018-09-03 14:05:00.896651 , begin update_stock_status cron task...
2018-09-03 14:05:00.910074 , finish update_stock_status cron task...
2018-09-03 14:06:01.822287 , begin update_stock_status cron task...
2018-09-03 14:06:01.829993 , finish update_stock_status cron task...
2018-09-03 14:07:01.704800 , begin update_stock_status cron task...
2018-09-03 14:07:01.712871 , finish update_stock_status cron task...
2018-09-03 14:08:01.634886 , begin update_stock_status cron task...
'ascii' codec can't encode character u'\xa0' in position 0: ordinal not in range(128)
2018-09-03 14:09:01.761398 , begin update_stock_status cron task...
2017-04-18
2017-05-10
2017-04-18
2017-04-20
2017-04-21
2018-09-03 14:09:03.038081 , finish update_stock_status cron task...
2018-09-03 14:10:00.818824 , begin update_stock_status cron task...
2018-09-03 14:10:00.826774 , finish update_stock_status cron task...
2018-09-03 14:11:01.793333 , begin update_stock_status cron task...
2018-09-03 14:11:01.800893 , finish update_stock_status cron task...
2018-09-03 14:12:01.285458 , begin update_stock_status cron task...
2018-09-03 14:12:01.292428 , finish update_stock_status cron task...
2018-09-03 14:13:00.763199 , begin update_stock_status cron task...
2018-09-03 14:13:00.770156 , finish update_stock_status cron task...
2018-09-03 14:14:01.246785 , begin update_stock_status cron task...
2018-09-03 14:14:01.253726 , finish update_stock_status cron task...
2018-09-03 14:15:00.720959 , begin update_stock_status cron task...
2018-09-03 14:15:00.727811 , finish update_stock_status cron task...
2018-09-03 14:16:01.203537 , begin update_stock_status cron task...
2018-09-03 14:16:01.210305 , finish update_stock_status cron task...
2018-09-03 14:17:00.684706 , begin update_stock_status cron task...
2018-09-03 14:17:00.691043 , finish update_stock_status cron task...
2018-09-03 14:18:01.169424 , begin update_stock_status cron task...
2018-09-03 14:18:01.176286 , finish update_stock_status cron task...
2018-09-03 14:19:00.722258 , begin update_stock_status cron task...
2018-09-03 14:19:00.729119 , finish update_stock_status cron task...
2018-09-03 14:20:01.276261 , begin update_stock_status cron task...
2018-09-03 14:20:01.282903 , finish update_stock_status cron task...
2018-09-03 14:21:00.829656 , begin update_stock_status cron task...
2018-09-03 14:21:00.836570 , finish update_stock_status cron task...
2018-09-03 14:22:01.368525 , begin update_stock_status cron task...
2018-09-03 14:22:01.375291 , finish update_stock_status cron task...
2018-09-03 14:25:24.027747 , begin update_stock_status cron task...
2018-09-03 14:25:24.036229 , finish update_stock_status cron task...
2018-09-03 14:53:01.196990 , begin update_stock_status cron task...
2017-04-18
2017-05-10
2017-04-18
2017-04-20
2017-04-21
2018-09-03 14:53:02.195149 , finish update_stock_status cron task...
2018-09-03 14:54:01.169770 , begin update_stock_status cron task...
2017-04-18
2017-05-10
2017-04-18
2017-04-20
2017-04-21
2018-09-03 14:54:01.952757 , finish update_stock_status cron task...
2018-09-03 14:55:01.450962 , begin update_stock_status cron task...
2017-04-18
2017-05-10
2017-04-18
2017-04-20
2017-04-21
2018-09-03 14:55:03.640643 , finish update_stock_status cron task...
2018-09-03 14:56:01.113857 , begin update_stock_status cron task...
2017-04-18
2017-05-10
2017-04-18
2017-04-20
2017-04-21
2018-09-03 14:56:01.580632 , finish update_stock_status cron task...
2018-09-03 14:57:01.405398 , begin update_stock_status cron task...
2017-04-18
2017-05-10
2017-04-18
2017-04-20
2017-04-21
2018-09-03 14:57:02.522673 , finish update_stock_status cron task...
2018-09-03 14:58:01.033587 , begin update_stock_status cron task...
2018-09-03 14:58:01.040981 , finish update_stock_status cron task...
